<?xml version="1.0" encoding="UTF-8"?>
<!-- Generated by org.testng.reporters.JUnitReportReporter -->
<testsuite hostname="DESKTOP-GJB5IH4" failures="0" tests="5" name="pages.android.MerchantPayment" time="57.131" errors="0" timestamp="2021-02-24T14:20:35 EET" skipped="0">
  <testcase classname="pages.android.MerchantPayment" name="ScanQR" time="4.151"/>
  <system-out/>
  <testcase classname="pages.android.MerchantPayment" name="MerchantPayment" time="26.674"/>
  <system-out/>
  <testcase classname="pages.android.MerchantPayment" name="ChangePINcode" time="12.821"/>
  <system-out/>
  <testcase classname="pages.android.MerchantPayment" name="ChangeMobileNumber" time="11.639"/>
  <system-out/>
  <testcase classname="pages.android.MerchantPayment" name="Deactivation" time="1.846"/>
  <system-out/>
</testsuite> <!-- pages.android.MerchantPayment -->
