<?xml version="1.0" encoding="UTF-8"?>
<!-- Generated by org.testng.reporters.JUnitReportReporter -->
<testsuite hostname="DESKTOP-GJB5IH4" failures="0" tests="1" name="tests.GetStarted" time="1.856" errors="0" timestamp="2021-01-12T11:55:42 EET" skipped="0">
  <testcase classname="tests.GetStarted" name="getStarted" time="1.856"/>
  <system-out/>
</testsuite> <!-- tests.GetStarted -->
