<?xml version="1.0" encoding="UTF-8"?>
<!-- Generated by org.testng.reporters.JUnitReportReporter -->
<testsuite hostname="DESKTOP-GJB5IH4" failures="0" tests="2" name="pages.android.ChangePINandNumber" time="34.424" errors="0" timestamp="2021-02-18T16:37:45 EET" skipped="0">
  <testcase classname="pages.android.ChangePINandNumber" name="ChangePIN" time="27.290"/>
  <system-out/>
  <testcase classname="pages.android.ChangePINandNumber" name="ChangePhoneNumber" time="7.134"/>
  <system-out/>
</testsuite> <!-- pages.android.ChangePINandNumber -->
