<?xml version="1.0" encoding="UTF-8"?>
<!-- Generated by org.testng.reporters.JUnitReportReporter -->
<testsuite hostname="DESKTOP-GJB5IH4" failures="0" tests="12" name="pages.DocumentVerification" time="78.478" errors="0" timestamp="2021-01-15T18:53:38 EET" skipped="0">
  <testcase classname="pages.DocumentVerification" name="ClickGoToProfile" time="8.982"/>
  <system-out/>
  <testcase classname="pages.DocumentVerification" name="ClickProceed" time="1.444"/>
  <system-out/>
  <testcase classname="pages.DocumentVerification" name="ClickIDVerification" time="0.235"/>
  <system-out/>
  <testcase classname="pages.DocumentVerification" name="ClickContinue" time="1.863"/>
  <system-out/>
  <testcase classname="pages.DocumentVerification" name="ClickPassport" time="1.007"/>
  <system-out/>
  <testcase classname="pages.DocumentVerification" name="TakePassportPicture" time="7.030"/>
  <system-out/>
  <testcase classname="pages.DocumentVerification" name="ClickLooksGood" time="0.173"/>
  <system-out/>
  <testcase classname="pages.DocumentVerification" name="ClickRecordVideo" time="2.277"/>
  <system-out/>
  <testcase classname="pages.DocumentVerification" name="ClickContinue2" time="12.529"/>
  <system-out/>
  <testcase classname="pages.DocumentVerification" name="RecordSelfie" time="1.830"/>
  <system-out/>
  <testcase classname="pages.DocumentVerification" name="ClickFinishBtn" time="8.363"/>
  <system-out/>
  <testcase classname="pages.DocumentVerification" name="ClickContinueBtn" time="32.745"/>
  <system-out/>
</testsuite> <!-- pages.DocumentVerification -->
