<?xml version="1.0" encoding="UTF-8"?>
<!-- Generated by org.testng.reporters.JUnitReportReporter -->
<testsuite hostname="DESKTOP-GJB5IH4" failures="0" tests="7" name="pages.AddMoney" time="34.095" errors="0" timestamp="2021-01-18T20:05:11 EET" skipped="0">
  <testcase classname="pages.AddMoney" name="ClickAddMoney" time="15.446"/>
  <system-out/>
  <testcase classname="pages.AddMoney" name="ClickDebitCard" time="1.855"/>
  <system-out/>
  <testcase classname="pages.AddMoney" name="ClickBankName" time="1.583"/>
  <system-out/>
  <testcase classname="pages.AddMoney" name="EnterCardDetails" time="7.901"/>
  <system-out/>
  <testcase classname="pages.AddMoney" name="EnterOTP" time="2.871"/>
  <system-out/>
  <testcase classname="pages.AddMoney" name="EnterAmount" time="3.010"/>
  <system-out/>
  <testcase classname="pages.AddMoney" name="ClickAdd" time="1.429"/>
  <system-out/>
</testsuite> <!-- pages.AddMoney -->
