<?xml version="1.0" encoding="UTF-8"?>
<!-- Generated by org.testng.reporters.JUnitReportReporter -->
<testsuite hostname="DESKTOP-GJB5IH4" failures="0" tests="4" name="pages.SendMoney" time="14.972" errors="0" timestamp="2021-01-18T20:05:11 EET" skipped="0">
  <testcase classname="pages.SendMoney" name="ClickSendBtn" time="7.167"/>
  <system-out/>
  <testcase classname="pages.SendMoney" name="PickLDPContact" time="2.554"/>
  <system-out/>
  <testcase classname="pages.SendMoney" name="EnterAmount" time="3.060"/>
  <system-out/>
  <testcase classname="pages.SendMoney" name="SwipeToPay" time="2.191"/>
  <system-out/>
</testsuite> <!-- pages.SendMoney -->
