<?xml version="1.0" encoding="UTF-8"?>
<!-- Generated by org.testng.reporters.JUnitReportReporter -->
<testsuite hostname="Rami" failures="0" tests="2" name="pages.register.WelcomeScreen" time="14.547" errors="0" timestamp="2023-04-25T22:54:06 TRT" skipped="0">
  <testcase classname="pages.register.WelcomeScreen" name="RegisterNewUser" time="0.532"/>
  <system-out/>
  <testcase classname="pages.register.WelcomeScreen" name="LogoutUser" time="14.015"/>
  <system-out/>
</testsuite> <!-- pages.register.WelcomeScreen -->
