<?xml version="1.0" encoding="UTF-8"?>
<!-- Generated by org.testng.reporters.JUnitReportReporter -->
<testsuite hostname="Rami" failures="0" tests="5" name="pages.register.CreateWallet" time="18.260" errors="0" timestamp="2023-04-28T00:21:18 TRT" skipped="0">
  <testcase classname="pages.register.CreateWallet" name="registerNewUser" time="3.292"/>
  <system-out/>
  <testcase classname="pages.register.CreateWallet" name="legalConsent" time="2.768"/>
  <system-out/>
  <testcase classname="pages.register.CreateWallet" name="createPasscode" time="3.230"/>
  <system-out/>
  <testcase classname="pages.register.CreateWallet" name="setWrongPasscode" time="3.479"/>
  <system-out/>
  <testcase classname="pages.register.CreateWallet" name="confirmPasscode" time="5.491"/>
  <system-out/>
</testsuite> <!-- pages.register.CreateWallet -->
