<?xml version="1.0" encoding="UTF-8"?>
<!-- Generated by org.testng.reporters.JUnitReportReporter -->
<testsuite hostname="DESKTOP-GJB5IH4" failures="0" tests="12" name="pages.PassportVerification" time="97.920" errors="0" timestamp="2021-01-18T20:05:11 EET" skipped="0">
  <testcase classname="pages.PassportVerification" name="ClickGoToProfile" time="26.953"/>
  <system-out/>
  <testcase classname="pages.PassportVerification" name="ClickProceed" time="1.711"/>
  <system-out/>
  <testcase classname="pages.PassportVerification" name="ClickIDVerification" time="1.550"/>
  <system-out/>
  <testcase classname="pages.PassportVerification" name="ClickContinue" time="2.104"/>
  <system-out/>
  <testcase classname="pages.PassportVerification" name="ClickPassport" time="1.067"/>
  <system-out/>
  <testcase classname="pages.PassportVerification" name="TakePassportPicture" time="7.167"/>
  <system-out/>
  <testcase classname="pages.PassportVerification" name="ClickLooksGood" time="0.192"/>
  <system-out/>
  <testcase classname="pages.PassportVerification" name="ClickRecordVideo" time="1.748"/>
  <system-out/>
  <testcase classname="pages.PassportVerification" name="ClickContinue2" time="12.572"/>
  <system-out/>
  <testcase classname="pages.PassportVerification" name="RecordSelfie" time="1.871"/>
  <system-out/>
  <testcase classname="pages.PassportVerification" name="ClickFinishBtn" time="8.206"/>
  <system-out/>
  <testcase classname="pages.PassportVerification" name="ClickContinueBtn" time="32.779"/>
  <system-out/>
</testsuite> <!-- pages.PassportVerification -->
