<?xml version="1.0" encoding="UTF-8"?>
<!-- Generated by org.testng.reporters.JUnitReportReporter -->
<testsuite hostname="DESKTOP-GJB5IH4" failures="0" tests="1" name="utils.WebSetup" time="11.544" errors="0" timestamp="2021-01-18T22:48:28 EET" skipped="0">
  <testcase classname="utils.WebSetup" name="testGoogleSearch" time="11.544"/>
  <system-out/>
</testsuite> <!-- utils.WebSetup -->
