<?xml version="1.0" encoding="UTF-8"?>
<!-- Generated by org.testng.reporters.JUnitReportReporter -->
<testsuite hostname="DESKTOP-GJB5IH4" failures="0" tests="7" name="pages.GetStartedPage" time="11.925" errors="0" timestamp="2021-01-18T18:07:07 EET" skipped="0">
  <testcase classname="pages.GetStartedPage" name="GetStarted" time="1.776"/>
  <system-out/>
  <testcase classname="pages.GetStartedPage" name="EnterMobileNumber" time="0.870"/>
  <system-out/>
  <testcase classname="pages.GetStartedPage" name="EnterEmail" time="1.158"/>
  <system-out/>
  <testcase classname="pages.GetStartedPage" name="ClickNext" time="1.402"/>
  <system-out/>
  <testcase classname="pages.GetStartedPage" name="EnterOTP" time="3.360"/>
  <system-out/>
  <testcase classname="pages.GetStartedPage" name="EnterPIN" time="2.155"/>
  <system-out/>
  <testcase classname="pages.GetStartedPage" name="ConfirmPIN" time="1.204"/>
  <system-out/>
</testsuite> <!-- pages.GetStartedPage -->
