<?xml version="1.0" encoding="UTF-8"?>
<!-- Generated by org.testng.reporters.JUnitReportReporter -->
<testsuite hostname="Rami" failures="0" tests="2" name="pages.register.WalletBackUp" time="16.751" errors="0" timestamp="2023-04-28T00:21:18 TRT" skipped="0">
  <testcase classname="pages.register.WalletBackUp" name="backUpConsent" time="3.794"/>
  <system-out/>
  <testcase classname="pages.register.WalletBackUp" name="saveBackUpPhrase" time="12.957"/>
  <system-out/>
</testsuite> <!-- pages.register.WalletBackUp -->
