<?xml version="1.0" encoding="UTF-8"?>
<!-- Generated by org.testng.reporters.JUnitReportReporter -->
<testsuite hostname="DESKTOP-GJB5IH4" failures="0" tests="3" name="pages.android.TellerVerification" time="81.667" errors="0" timestamp="2021-02-24T14:20:35 EET" skipped="0">
  <testcase classname="pages.android.TellerVerification" name="RegisterNewUser" time="9.949"/>
  <system-out/>
  <testcase classname="pages.android.TellerVerification" name="LogoutUser" time="14.003"/>
  <system-out/>
  <testcase classname="pages.android.TellerVerification" name="VerifyCustomer" time="57.715"/>
  <system-out/>
</testsuite> <!-- pages.android.TellerVerification -->
