<?xml version="1.0" encoding="UTF-8"?>
<!-- Generated by org.testng.reporters.JUnitReportReporter -->
<testsuite hostname="DESKTOP-GJB5IH4" failures="0" tests="4" name="pages.android.SendMoney" time="74.962" errors="0" timestamp="2021-02-24T14:20:35 EET" skipped="0">
  <testcase classname="pages.android.SendMoney" name="EnterPhoneNumberManually" time="6.461"/>
  <system-out/>
  <testcase classname="pages.android.SendMoney" name="EnterAmount" time="28.906"/>
  <system-out/>
  <testcase classname="pages.android.SendMoney" name="PickPhoneNumber" time="7.073"/>
  <system-out/>
  <testcase classname="pages.android.SendMoney" name="EnterAmount2" time="32.522"/>
  <system-out/>
</testsuite> <!-- pages.android.SendMoney -->
