<?xml version="1.0" encoding="UTF-8"?>
<!-- Generated by org.testng.reporters.JUnitReportReporter -->
<testsuite hostname="DESKTOP-GJB5IH4" failures="0" tests="6" name="pages.android.AddMoney" time="90.860" errors="0" timestamp="2021-02-24T15:34:31 EET" skipped="0">
  <testcase classname="pages.android.AddMoney" name="EnterCardDetails" time="29.123"/>
  <system-out/>
  <testcase classname="pages.android.AddMoney" name="EnterAmount" time="3.049"/>
  <system-out/>
  <testcase classname="pages.android.AddMoney" name="AddingMoney" time="17.040"/>
  <system-out/>
  <testcase classname="pages.android.AddMoney" name="EnterCardDetails2" time="25.870"/>
  <system-out/>
  <testcase classname="pages.android.AddMoney" name="EnterAmount2" time="1.480"/>
  <system-out/>
  <testcase classname="pages.android.AddMoney" name="AddingMoney2" time="14.298"/>
  <system-out/>
</testsuite> <!-- pages.android.AddMoney -->
