<?xml version="1.0" encoding="UTF-8"?>
<!-- Generated by org.testng.reporters.JUnitReportReporter -->
<testsuite hostname="DESKTOP-GJB5IH4" failures="0" tests="3" name="pages.android.TellerVerification" time="83.781" errors="0" timestamp="2021-02-24T15:34:31 EET" skipped="0">
  <testcase classname="pages.android.TellerVerification" name="RegisterNewUser" time="10.018"/>
  <system-out/>
  <testcase classname="pages.android.TellerVerification" name="LogoutUser" time="14.001"/>
  <system-out/>
  <testcase classname="pages.android.TellerVerification" name="VerifyCustomer" time="59.762"/>
  <system-out/>
</testsuite> <!-- pages.android.TellerVerification -->
