<?xml version="1.0" encoding="UTF-8"?>
<!-- Generated by org.testng.reporters.JUnitReportReporter -->
<testsuite hostname="DESKTOP-GJB5IH4" failures="0" tests="2" name="pages.android.TellerTopUpCashOut" time="49.300" errors="0" timestamp="2021-02-24T15:34:31 EET" skipped="0">
  <testcase classname="pages.android.TellerTopUpCashOut" name="TellerTopup" time="25.150"/>
  <system-out/>
  <testcase classname="pages.android.TellerTopUpCashOut" name="Tellercashout" time="24.150"/>
  <system-out/>
</testsuite> <!-- pages.android.TellerTopUpCashOut -->
