<?xml version="1.0" encoding="UTF-8"?>
<!-- Generated by org.testng.reporters.JUnitReportReporter -->
<testsuite hostname="DESKTOP-GJB5IH4" failures="0" tests="4" name="pages.android.SendMoney" time="75.074" errors="0" timestamp="2021-02-24T15:34:31 EET" skipped="0">
  <testcase classname="pages.android.SendMoney" name="EnterPhoneNumberManually" time="8.053"/>
  <system-out/>
  <testcase classname="pages.android.SendMoney" name="EnterAmount" time="26.811"/>
  <system-out/>
  <testcase classname="pages.android.SendMoney" name="PickPhoneNumber" time="7.670"/>
  <system-out/>
  <testcase classname="pages.android.SendMoney" name="EnterAmount2" time="32.540"/>
  <system-out/>
</testsuite> <!-- pages.android.SendMoney -->
